<?xml version="1.0" encoding="UTF-8"?>
<!-- Generated by org.testng.reporters.JUnitXMLReporter -->
<testsuite ignored="0" hostname="DESKTOP-M54S4J4" failures="1" tests="1" name="fireFoxTest" time="3.363" errors="0" timestamp="2026-01-03T11:59:29 IST">
  <testcase classname="testCases.TC001_AccountRegistrationTest" name="verify_acount_registration" time="1.522">
    <failure type="java.lang.AssertionError" message="null">
      <![CDATA[java.lang.AssertionError: null
at testCases.TC001_AccountRegistrationTest.verify_acount_registration(TC001_AccountRegistrationTest.java:55)
at java.base/java.util.ArrayList.forEach(ArrayList.java:1596)
... Removed 27 stack frames]]>
    </failure>
  </testcase> <!-- verify_acount_registration -->
</testsuite> <!-- fireFoxTest -->
